# JRE version: Java(TM) SE Runtime Environment (8.0_221-b11) (build 1.8.0_221-b11)
# Java VM: Java HotSpot(TM) 64-Bit Server VM (25.221-b11 mixed mode windows-amd64 compressed oops)
Heap:
 PSYoungGen      total 257024K, used 92378K [0x00000000d5d00000, 0x00000000ebf00000, 0x0000000100000000)
  eden space 240128K, 38% used [0x00000000d5d00000,0x00000000db736bd8,0x00000000e4780000)
  from space 16896K, 0% used [0x00000000e4780000,0x00000000e4780000,0x00000000e5800000)
  to   space 16896K, 0% used [0x00000000eae80000,0x00000000eae80000,0x00000000ebf00000)
 ParOldGen       total 105472K, used 22310K [0x0000000081600000, 0x0000000087d00000, 0x00000000d5d00000)
  object space 105472K, 21% used [0x0000000081600000,0x0000000082bc9898,0x0000000087d00000)
 Metaspace       used 59938K, capacity 62918K, committed 63064K, reserved 1103872K
  class space    used 8250K, capacity 8760K, committed 8832K, reserved 1048576K
GC Heap History (10 events):
Event: 8.366 GC heap before
{Heap before GC invocations=10 (full 2):
 PSYoungGen      total 196608K, used 10239K [0x00000000d5d00000, 0x00000000e4580000, 0x0000000100000000)
  eden space 186368K, 0% used [0x00000000d5d00000,0x00000000d5d00000,0x00000000e1300000)
  from space 10240K, 99% used [0x00000000e1e80000,0x00000000e287feb8,0x00000000e2880000)
  to   space 11776K, 0% used [0x00000000e1300000,0x00000000e1300000,0x00000000e1e80000)
 ParOldGen       total 50176K, used 8213K [0x0000000081600000, 0x0000000084700000, 0x00000000d5d00000)
  object space 50176K, 16% used [0x0000000081600000,0x0000000081e056c0,0x0000000084700000)
 Metaspace       used 33794K, capacity 35336K, committed 35416K, reserved 1079296K
  class space    used 4366K, capacity 4685K, committed 4736K, reserved 1048576K
Event: 8.480 GC heap after
Heap after GC invocations=10 (full 2):
 PSYoungGen      total 196608K, used 0K [0x00000000d5d00000, 0x00000000e4580000, 0x0000000100000000)
  eden space 186368K, 0% used [0x00000000d5d00000,0x00000000d5d00000,0x00000000e1300000)
  from space 10240K, 0% used [0x00000000e1e80000,0x00000000e1e80000,0x00000000e2880000)
  to   space 11776K, 0% used [0x00000000e1300000,0x00000000e1300000,0x00000000e1e80000)
 ParOldGen       total 79360K, used 15632K [0x0000000081600000, 0x0000000086380000, 0x00000000d5d00000)
  object space 79360K, 19% used [0x0000000081600000,0x00000000825442d0,0x0000000086380000)
 Metaspace       used 33794K, capacity 35336K, committed 35416K, reserved 1079296K
  class space    used 4366K, capacity 4685K, committed 4736K, reserved 1048576K
}
Event: 10.652 GC heap before
{Heap before GC invocations=11 (full 2):
 PSYoungGen      total 196608K, used 186368K [0x00000000d5d00000, 0x00000000e4580000, 0x0000000100000000)
  eden space 186368K, 100% used [0x00000000d5d00000,0x00000000e1300000,0x00000000e1300000)
  from space 10240K, 0% used [0x00000000e1e80000,0x00000000e1e80000,0x00000000e2880000)
  to   space 11776K, 0% used [0x00000000e1300000,0x00000000e1300000,0x00000000e1e80000)
 ParOldGen       total 79360K, used 15632K [0x0000000081600000, 0x0000000086380000, 0x00000000d5d00000)
  object space 79360K, 19% used [0x0000000081600000,0x00000000825442d0,0x0000000086380000)
 Metaspace       used 43335K, capacity 45118K, committed 45272K, reserved 1089536K
  class space    used 5761K, capacity 6102K, committed 6144K, reserved 1048576K
Event: 10.668 GC heap after
Heap after GC invocations=11 (full 2):
 PSYoungGen      total 198144K, used 11762K [0x00000000d5d00000, 0x00000000e6500000, 0x0000000100000000)
  eden space 186368K, 0% used [0x00000000d5d00000,0x00000000d5d00000,0x00000000e1300000)
  from space 11776K, 99% used [0x00000000e1300000,0x00000000e1e7cb60,0x00000000e1e80000)
  to   space 13312K, 0% used [0x00000000e5800000,0x00000000e5800000,0x00000000e6500000)
 ParOldGen       total 79360K, used 16092K [0x0000000081600000, 0x0000000086380000, 0x00000000d5d00000)
  object space 79360K, 20% used [0x0000000081600000,0x00000000825b72a0,0x0000000086380000)
 Metaspace       used 43335K, capacity 45118K, committed 45272K, reserved 1089536K
  class space    used 5761K, capacity 6102K, committed 6144K, reserved 1048576K
}
Event: 14.466 GC heap before
{Heap before GC invocations=12 (full 2):
 PSYoungGen      total 198144K, used 198130K [0x00000000d5d00000, 0x00000000e6500000, 0x0000000100000000)
  eden space 186368K, 100% used [0x00000000d5d00000,0x00000000e1300000,0x00000000e1300000)
  from space 11776K, 99% used [0x00000000e1300000,0x00000000e1e7cb60,0x00000000e1e80000)
  to   space 13312K, 0% used [0x00000000e5800000,0x00000000e5800000,0x00000000e6500000)
 ParOldGen       total 79360K, used 16092K [0x0000000081600000, 0x0000000086380000, 0x00000000d5d00000)
  object space 79360K, 20% used [0x0000000081600000,0x00000000825b72a0,0x0000000086380000)
 Metaspace       used 55437K, capacity 57774K, committed 57944K, reserved 1099776K
  class space    used 7591K, capacity 8012K, committed 8064K, reserved 1048576K
Event: 14.502 GC heap after
Heap after GC invocations=12 (full 2):
 PSYoungGen      total 253440K, used 13290K [0x00000000d5d00000, 0x00000000e6880000, 0x0000000100000000)
  eden space 240128K, 0% used [0x00000000d5d00000,0x00000000d5d00000,0x00000000e4780000)
  from space 13312K, 99% used [0x00000000e5800000,0x00000000e64fa888,0x00000000e6500000)
  to   space 16896K, 0% used [0x00000000e4780000,0x00000000e4780000,0x00000000e5800000)
 ParOldGen       total 79360K, used 20646K [0x0000000081600000, 0x0000000086380000, 0x00000000d5d00000)
  object space 79360K, 26% used [0x0000000081600000,0x0000000082a29860,0x0000000086380000)
 Metaspace       used 55437K, capacity 57774K, committed 57944K, reserved 1099776K
  class space    used 7591K, capacity 8012K, committed 8064K, reserved 1048576K
}
Event: 14.889 GC heap before
{Heap before GC invocations=13 (full 2):
 PSYoungGen      total 253440K, used 35141K [0x00000000d5d00000, 0x00000000e6880000, 0x0000000100000000)
  eden space 240128K, 9% used [0x00000000d5d00000,0x00000000d7256e20,0x00000000e4780000)
  from space 13312K, 99% used [0x00000000e5800000,0x00000000e64fa888,0x00000000e6500000)
  to   space 16896K, 0% used [0x00000000e4780000,0x00000000e4780000,0x00000000e5800000)
 ParOldGen       total 79360K, used 20646K [0x0000000081600000, 0x0000000086380000, 0x00000000d5d00000)
  object space 79360K, 26% used [0x0000000081600000,0x0000000082a29860,0x0000000086380000)
 Metaspace       used 56570K, capacity 59004K, committed 59028K, reserved 1099776K
  class space    used 7732K, capacity 8169K, committed 8192K, reserved 1048576K
Event: 14.918 GC heap after
Heap after GC invocations=13 (full 2):
 PSYoungGen      total 257024K, used 1680K [0x00000000d5d00000, 0x00000000ebf00000, 0x0000000100000000)
  eden space 240128K, 0% used [0x00000000d5d00000,0x00000000d5d00000,0x00000000e4780000)
  from space 16896K, 9% used [0x00000000e4780000,0x00000000e4924288,0x00000000e5800000)
  to   space 16896K, 0% used [0x00000000eae80000,0x00000000eae80000,0x00000000ebf00000)
 ParOldGen       total 79360K, used 28656K [0x0000000081600000, 0x0000000086380000, 0x00000000d5d00000)
  object space 79360K, 36% used [0x0000000081600000,0x00000000831fc300,0x0000000086380000)
 Metaspace       used 56570K, capacity 59004K, committed 59028K, reserved 1099776K
  class space    used 7732K, capacity 8169K, committed 8192K, reserved 1048576K
}
Event: 14.918 GC heap before
{Heap before GC invocations=14 (full 3):
 PSYoungGen      total 257024K, used 1680K [0x00000000d5d00000, 0x00000000ebf00000, 0x0000000100000000)
  eden space 240128K, 0% used [0x00000000d5d00000,0x00000000d5d00000,0x00000000e4780000)
  from space 16896K, 9% used [0x00000000e4780000,0x00000000e4924288,0x00000000e5800000)
  to   space 16896K, 0% used [0x00000000eae80000,0x00000000eae80000,0x00000000ebf00000)
 ParOldGen       total 79360K, used 28656K [0x0000000081600000, 0x0000000086380000, 0x00000000d5d00000)
  object space 79360K, 36% used [0x0000000081600000,0x00000000831fc300,0x0000000086380000)
 Metaspace       used 56570K, capacity 59004K, committed 59028K, reserved 1099776K
  class space    used 7732K, capacity 8169K, committed 8192K, reserved 1048576K
Event: 15.139 GC heap after
Heap after GC invocations=14 (full 3):
 PSYoungGen      total 257024K, used 0K [0x00000000d5d00000, 0x00000000ebf00000, 0x0000000100000000)
  eden space 240128K, 0% used [0x00000000d5d00000,0x00000000d5d00000,0x00000000e4780000)
  from space 16896K, 0% used [0x00000000e4780000,0x00000000e4780000,0x00000000e5800000)
  to   space 16896K, 0% used [0x00000000eae80000,0x00000000eae80000,0x00000000ebf00000)
 ParOldGen       total 105472K, used 22310K [0x0000000081600000, 0x0000000087d00000, 0x00000000d5d00000)
  object space 105472K, 21% used [0x0000000081600000,0x0000000082bc9898,0x0000000087d00000)
 Metaspace       used 56570K, capacity 59004K, committed 59028K, reserved 1099776K
  class space    used 7732K, capacity 8169K, committed 8192K, reserved 1048576K
}

