# JRE version: Java(TM) SE Runtime Environment (8.0_221-b11) (build 1.8.0_221-b11)
# Java VM: Java HotSpot(TM) 64-Bit Server VM (25.221-b11 mixed mode windows-amd64 compressed oops)
Heap:
 PSYoungGen      total 329216K, used 33968K [0x00000000d5d00000, 0x00000000eb280000, 0x0000000100000000)
  eden space 314880K, 10% used [0x00000000d5d00000,0x00000000d7e2c230,0x00000000e9080000)
  from space 14336K, 0% used [0x00000000ea480000,0x00000000ea480000,0x00000000eb280000)
  to   space 17408K, 0% used [0x00000000e9080000,0x00000000e9080000,0x00000000ea180000)
 ParOldGen       total 65024K, used 28943K [0x0000000081600000, 0x0000000085580000, 0x00000000d5d00000)
  object space 65024K, 44% used [0x0000000081600000,0x0000000083243ef0,0x0000000085580000)
 Metaspace       used 57888K, capacity 60322K, committed 60632K, reserved 1101824K
  class space    used 7901K, capacity 8342K, committed 8448K, reserved 1048576K
GC Heap History (10 events):
Event: 13.401 GC heap before
{Heap before GC invocations=9 (full 1):
 PSYoungGen      total 139776K, used 69709K [0x00000000d5d00000, 0x00000000e4e00000, 0x0000000100000000)
  eden space 131584K, 46% used [0x00000000d5d00000,0x00000000d9916ab0,0x00000000ddd80000)
  from space 8192K, 99% used [0x00000000ddd80000,0x00000000de57ca60,0x00000000de580000)
  to   space 10240K, 0% used [0x00000000e4400000,0x00000000e4400000,0x00000000e4e00000)
 ParOldGen       total 46080K, used 7410K [0x0000000081600000, 0x0000000084300000, 0x00000000d5d00000)
  object space 46080K, 16% used [0x0000000081600000,0x0000000081d3cab0,0x0000000084300000)
 Metaspace       used 33750K, capacity 35332K, committed 35416K, reserved 1079296K
  class space    used 4353K, capacity 4683K, committed 4736K, reserved 1048576K
Event: 13.417 GC heap after
Heap after GC invocations=9 (full 1):
 PSYoungGen      total 235008K, used 10219K [0x00000000d5d00000, 0x00000000e5980000, 0x0000000100000000)
  eden space 224768K, 0% used [0x00000000d5d00000,0x00000000d5d00000,0x00000000e3880000)
  from space 10240K, 99% used [0x00000000e4400000,0x00000000e4dfae08,0x00000000e4e00000)
  to   space 11776K, 0% used [0x00000000e3880000,0x00000000e3880000,0x00000000e4400000)
 ParOldGen       total 46080K, used 8064K [0x0000000081600000, 0x0000000084300000, 0x00000000d5d00000)
  object space 46080K, 17% used [0x0000000081600000,0x0000000081de00d0,0x0000000084300000)
 Metaspace       used 33750K, capacity 35332K, committed 35416K, reserved 1079296K
  class space    used 4353K, capacity 4683K, committed 4736K, reserved 1048576K
}
Event: 13.417 GC heap before
{Heap before GC invocations=10 (full 2):
 PSYoungGen      total 235008K, used 10219K [0x00000000d5d00000, 0x00000000e5980000, 0x0000000100000000)
  eden space 224768K, 0% used [0x00000000d5d00000,0x00000000d5d00000,0x00000000e3880000)
  from space 10240K, 99% used [0x00000000e4400000,0x00000000e4dfae08,0x00000000e4e00000)
  to   space 11776K, 0% used [0x00000000e3880000,0x00000000e3880000,0x00000000e4400000)
 ParOldGen       total 46080K, used 8064K [0x0000000081600000, 0x0000000084300000, 0x00000000d5d00000)
  object space 46080K, 17% used [0x0000000081600000,0x0000000081de00d0,0x0000000084300000)
 Metaspace       used 33750K, capacity 35332K, committed 35416K, reserved 1079296K
  class space    used 4353K, capacity 4683K, committed 4736K, reserved 1048576K
Event: 13.545 GC heap after
Heap after GC invocations=10 (full 2):
 PSYoungGen      total 235008K, used 0K [0x00000000d5d00000, 0x00000000e5980000, 0x0000000100000000)
  eden space 224768K, 0% used [0x00000000d5d00000,0x00000000d5d00000,0x00000000e3880000)
  from space 10240K, 0% used [0x00000000e4400000,0x00000000e4400000,0x00000000e4e00000)
  to   space 11776K, 0% used [0x00000000e3880000,0x00000000e3880000,0x00000000e4400000)
 ParOldGen       total 65024K, used 15212K [0x0000000081600000, 0x0000000085580000, 0x00000000d5d00000)
  object space 65024K, 23% used [0x0000000081600000,0x00000000824db2b8,0x0000000085580000)
 Metaspace       used 33750K, capacity 35332K, committed 35416K, reserved 1079296K
  class space    used 4353K, capacity 4683K, committed 4736K, reserved 1048576K
}
Event: 16.863 GC heap before
{Heap before GC invocations=11 (full 2):
 PSYoungGen      total 235008K, used 224768K [0x00000000d5d00000, 0x00000000e5980000, 0x0000000100000000)
  eden space 224768K, 100% used [0x00000000d5d00000,0x00000000e3880000,0x00000000e3880000)
  from space 10240K, 0% used [0x00000000e4400000,0x00000000e4400000,0x00000000e4e00000)
  to   space 11776K, 0% used [0x00000000e3880000,0x00000000e3880000,0x00000000e4400000)
 ParOldGen       total 65024K, used 15212K [0x0000000081600000, 0x0000000085580000, 0x00000000d5d00000)
  object space 65024K, 23% used [0x0000000081600000,0x00000000824db2b8,0x0000000085580000)
 Metaspace       used 46066K, capacity 47822K, committed 48216K, reserved 1091584K
  class space    used 6132K, capacity 6488K, committed 6528K, reserved 1048576K
Event: 16.881 GC heap after
Heap after GC invocations=11 (full 2):
 PSYoungGen      total 236544K, used 11754K [0x00000000d5d00000, 0x00000000eb280000, 0x0000000100000000)
  eden space 224768K, 0% used [0x00000000d5d00000,0x00000000d5d00000,0x00000000e3880000)
  from space 11776K, 99% used [0x00000000e3880000,0x00000000e43faa78,0x00000000e4400000)
  to   space 14336K, 0% used [0x00000000ea480000,0x00000000ea480000,0x00000000eb280000)
 ParOldGen       total 65024K, used 18326K [0x0000000081600000, 0x0000000085580000, 0x00000000d5d00000)
  object space 65024K, 28% used [0x0000000081600000,0x00000000827e5a90,0x0000000085580000)
 Metaspace       used 46066K, capacity 47822K, committed 48216K, reserved 1091584K
  class space    used 6132K, capacity 6488K, committed 6528K, reserved 1048576K
}
Event: 19.494 GC heap before
{Heap before GC invocations=12 (full 2):
 PSYoungGen      total 236544K, used 172100K [0x00000000d5d00000, 0x00000000eb280000, 0x0000000100000000)
  eden space 224768K, 71% used [0x00000000d5d00000,0x00000000df996950,0x00000000e3880000)
  from space 11776K, 99% used [0x00000000e3880000,0x00000000e43faa78,0x00000000e4400000)
  to   space 14336K, 0% used [0x00000000ea480000,0x00000000ea480000,0x00000000eb280000)
 ParOldGen       total 65024K, used 18326K [0x0000000081600000, 0x0000000085580000, 0x00000000d5d00000)
  object space 65024K, 28% used [0x0000000081600000,0x00000000827e5a90,0x0000000085580000)
 Metaspace       used 56579K, capacity 58958K, committed 59028K, reserved 1099776K
  class space    used 7726K, capacity 8162K, committed 8192K, reserved 1048576K
Event: 19.519 GC heap after
Heap after GC invocations=12 (full 2):
 PSYoungGen      total 329216K, used 14308K [0x00000000d5d00000, 0x00000000eb280000, 0x0000000100000000)
  eden space 314880K, 0% used [0x00000000d5d00000,0x00000000d5d00000,0x00000000e9080000)
  from space 14336K, 99% used [0x00000000ea480000,0x00000000eb279078,0x00000000eb280000)
  to   space 17408K, 0% used [0x00000000e9080000,0x00000000e9080000,0x00000000ea180000)
 ParOldGen       total 65024K, used 20712K [0x0000000081600000, 0x0000000085580000, 0x00000000d5d00000)
  object space 65024K, 31% used [0x0000000081600000,0x0000000082a3a0a0,0x0000000085580000)
 Metaspace       used 56579K, capacity 58958K, committed 59028K, reserved 1099776K
  class space    used 7726K, capacity 8162K, committed 8192K, reserved 1048576K
}
Event: 19.519 GC heap before
{Heap before GC invocations=13 (full 3):
 PSYoungGen      total 329216K, used 14308K [0x00000000d5d00000, 0x00000000eb280000, 0x0000000100000000)
  eden space 314880K, 0% used [0x00000000d5d00000,0x00000000d5d00000,0x00000000e9080000)
  from space 14336K, 99% used [0x00000000ea480000,0x00000000eb279078,0x00000000eb280000)
  to   space 17408K, 0% used [0x00000000e9080000,0x00000000e9080000,0x00000000ea180000)
 ParOldGen       total 65024K, used 20712K [0x0000000081600000, 0x0000000085580000, 0x00000000d5d00000)
  object space 65024K, 31% used [0x0000000081600000,0x0000000082a3a0a0,0x0000000085580000)
 Metaspace       used 56579K, capacity 58958K, committed 59028K, reserved 1099776K
  class space    used 7726K, capacity 8162K, committed 8192K, reserved 1048576K
Event: 19.740 GC heap after
Heap after GC invocations=13 (full 3):
 PSYoungGen      total 329216K, used 0K [0x00000000d5d00000, 0x00000000eb280000, 0x0000000100000000)
  eden space 314880K, 0% used [0x00000000d5d00000,0x00000000d5d00000,0x00000000e9080000)
  from space 14336K, 0% used [0x00000000ea480000,0x00000000ea480000,0x00000000eb280000)
  to   space 17408K, 0% used [0x00000000e9080000,0x00000000e9080000,0x00000000ea180000)
 ParOldGen       total 65024K, used 28943K [0x0000000081600000, 0x0000000085580000, 0x00000000d5d00000)
  object space 65024K, 44% used [0x0000000081600000,0x0000000083243ef0,0x0000000085580000)
 Metaspace       used 56579K, capacity 58958K, committed 59028K, reserved 1099776K
  class space    used 7726K, capacity 8162K, committed 8192K, reserved 1048576K
}

